2024-01-06 20:51:28.631 [info] Extension host with pid 2310 started
2024-01-06 20:51:28.631 [info] Skipping acquiring lock for /home/quinn/.config/Code/User/workspaceStorage/31705a6a385ae2024f825b46a11a1504.
2024-01-06 20:51:28.740 [info] ExtensionService#_doActivateExtension vscode.git-base, startup: true, activationEvent: '*', root cause: vscode.git
2024-01-06 20:51:29.048 [info] ExtensionService#_doActivateExtension vscode.git, startup: true, activationEvent: '*'
2024-01-06 20:51:29.069 [info] ExtensionService#_doActivateExtension vscode.github, startup: true, activationEvent: '*'
2024-01-06 20:51:29.117 [info] Eager extensions activated
2024-01-06 20:51:29.178 [info] ExtensionService#_doActivateExtension vscode.debug-auto-launch, startup: false, activationEvent: 'onStartupFinished'
2024-01-06 20:51:29.179 [info] ExtensionService#_doActivateExtension vscode.merge-conflict, startup: false, activationEvent: 'onStartupFinished'
2024-01-06 20:51:34.854 [info] ExtensionService#_doActivateExtension ms-python.python, startup: false, activationEvent: 'onLanguage:python'
2024-01-06 20:51:34.921 [info] ExtensionService#_doActivateExtension vscode.emmet, startup: false, activationEvent: 'onLanguage'
2024-01-06 20:51:34.969 [info] ExtensionService#_doActivateExtension ms-python.vscode-pylance, startup: false, activationEvent: 'onLanguage:python'
2024-01-06 20:53:54.549 [info] ExtensionService#_doActivateExtension vscode.npm, startup: false, activationEvent: 'onTerminalQuickFixRequest:ms-vscode.npm-command'
2024-01-06 21:01:49.886 [error] [ms-python.python] provider FAILED
2024-01-06 21:01:49.887 [error] TypeError: Cannot read properties of undefined (reading 'data')
	at /home/quinn/.vscode/extensions/ms-python.vscode-pylance-2023.12.1/dist/extension.bundle.js:1:139734
	at _0x1be708 (/home/quinn/.vscode/extensions/ms-python.vscode-pylance-2023.12.1/dist/extension.bundle.js:1:152918)
	at async ve.provideCompletionItems (/opt/visual-studio-code/resources/app/out/vs/workbench/api/node/extensionHostProcess.js:143:53055)
2024-01-06 21:08:49.258 [error] [ms-python.python] provider FAILED
2024-01-06 21:08:49.259 [error] TypeError: Cannot read properties of undefined (reading 'data')
	at /home/quinn/.vscode/extensions/ms-python.vscode-pylance-2023.12.1/dist/extension.bundle.js:1:139734
	at _0x1be708 (/home/quinn/.vscode/extensions/ms-python.vscode-pylance-2023.12.1/dist/extension.bundle.js:1:152918)
	at async ve.provideCompletionItems (/opt/visual-studio-code/resources/app/out/vs/workbench/api/node/extensionHostProcess.js:143:53055)
2024-01-06 21:13:58.969 [error] [ms-python.python] provider FAILED
2024-01-06 21:13:58.974 [error] TypeError: Cannot read properties of undefined (reading 'data')
	at /home/quinn/.vscode/extensions/ms-python.vscode-pylance-2023.12.1/dist/extension.bundle.js:1:139734
	at _0x1be708 (/home/quinn/.vscode/extensions/ms-python.vscode-pylance-2023.12.1/dist/extension.bundle.js:1:152918)
	at async ve.provideCompletionItems (/opt/visual-studio-code/resources/app/out/vs/workbench/api/node/extensionHostProcess.js:143:53055)
2024-01-06 21:30:05.207 [error] [ms-python.python] provider FAILED
2024-01-06 21:30:05.208 [error] TypeError: Cannot read properties of undefined (reading 'data')
	at /home/quinn/.vscode/extensions/ms-python.vscode-pylance-2023.12.1/dist/extension.bundle.js:1:139734
	at _0x1be708 (/home/quinn/.vscode/extensions/ms-python.vscode-pylance-2023.12.1/dist/extension.bundle.js:1:152918)
	at async ve.provideCompletionItems (/opt/visual-studio-code/resources/app/out/vs/workbench/api/node/extensionHostProcess.js:143:53055)
2024-01-07 07:45:44.067 [info] Extension host terminating: renderer closed the MessagePort
2024-01-07 07:45:44.084 [info] Extension host with pid 2310 exiting with code 0
