2024-01-07T18:24:52.854Z - info: [ui] [AppStore] loading 0 repositories from store
2024-01-07T18:24:52.878Z - info: [ui] [Welcome] no sign in step found. ignoring...
2024-01-07T18:24:52.882Z - info: [ui] launching: 3.3.6-linux3 (Linux 6.6.9-artix1-1)
2024-01-07T18:24:52.883Z - info: [ui] execPath: '/opt/github-desktop/github-desktop'
2024-01-07T18:24:52.899Z - info: [ui] [Welcome] no sign in step found. ignoring...
2024-01-07T18:24:53.051Z - info: [ui] Opt in reported.
2024-01-07T18:24:53.860Z - info: [ui] [Welcome] no sign in step found. ignoring...
2024-01-07T18:24:54.671Z - info: [ui] [Welcome] advancing to step: SignInToDotComWithBrowser
2024-01-07T18:24:54.674Z - info: [ui] [SignInStore] initializing OAuth flow
2024-01-07T18:24:54.686Z - info: [main] opening in browser: https://github.com/login/oauth/authorize?client_id=3a723b10ac5575cc5bb9&scope=repo%20user%20workflow&state=6ada044e-5852-41fc-b276-9ef68a2e9b40
2024-01-07T18:24:54.688Z - info: [ui] [Welcome] current sign in state not found. ignoring...
2024-01-07T18:24:55.161Z - info: [ui] [Welcome] kind Authentication is the same as Authentication. ignoring...
2024-01-07T18:24:56.143Z - info: [ui] [Welcome] kind Authentication is the same as Authentication. ignoring...
2024-01-07T18:24:59.310Z - info: [ui] [Welcome] kind Authentication is the same as Authentication. ignoring...
2024-01-07T18:24:59.591Z - info: [ui] [Welcome] kind Authentication is the same as Authentication. ignoring...
2024-01-07T18:24:59.609Z - info: [ui] [Welcome] kind Authentication is the same as Authentication. ignoring...
2024-01-07T18:24:59.859Z - info: [ui] [Welcome] kind Authentication is the same as Authentication. ignoring...
2024-01-07T18:25:01.429Z - info: [ui] [Welcome] kind Authentication is the same as Authentication. ignoring...
2024-01-07T18:25:01.574Z - info: [ui] [Welcome] kind Authentication is the same as Authentication. ignoring...
2024-01-07T18:25:02.229Z - info: [ui] [Welcome] kind Authentication is the same as Authentication. ignoring...
2024-01-07T18:25:02.252Z - info: [ui] [Welcome] kind Authentication is the same as Authentication. ignoring...
2024-01-07T18:25:03.537Z - info: [ui] [Welcome] advancing to step: Start
2024-01-07T18:25:04.225Z - info: [ui] [Welcome] no sign in step found. ignoring...
2024-01-07T18:25:07.276Z - info: [ui] [Welcome] no sign in step found. ignoring...
2024-01-07T18:25:08.105Z - info: [ui] [Welcome] advancing to step: SignInToDotComWithBrowser
2024-01-07T18:25:08.106Z - info: [ui] [SignInStore] initializing OAuth flow
2024-01-07T18:25:08.111Z - info: [main] opening in browser: https://github.com/login/oauth/authorize?client_id=3a723b10ac5575cc5bb9&scope=repo%20user%20workflow&state=0a155a98-c078-456c-a947-cf6911a60c6e
2024-01-07T18:25:08.112Z - info: [ui] [Welcome] kind Authentication is the same as Authentication. ignoring...
2024-01-07T18:25:08.441Z - info: [ui] [Welcome] kind Authentication is the same as Authentication. ignoring...
2024-01-07T18:25:08.929Z - info: [ui] [Welcome] kind Authentication is the same as Authentication. ignoring...
2024-01-07T18:25:08.941Z - info: [ui] [Welcome] kind Authentication is the same as Authentication. ignoring...
2024-01-07T18:25:12.464Z - info: [main] Received possible protocol arguments: 3
2024-01-07T18:25:12.464Z - info: [main] Processing protocol url
2024-01-07T18:25:12.465Z - info: [ui] [Dispatcher] requesting authenticated user
2024-01-07T18:25:12.475Z - info: [ui] [Welcome] kind Authentication is the same as Authentication. ignoring...
2024-01-07T18:25:12.524Z - info: [main] Received possible protocol arguments: 2
2024-01-07T18:25:12.525Z - info: [main] Processing protocol url
2024-01-07T18:25:13.237Z - info: [ui] [SignInStore] account resolved
2024-01-07T18:25:13.237Z - info: [ui] [AppStore] adding account Quinn6182 (Quinn6182) to store
2024-01-07T18:25:13.241Z - info: [ui] [Welcome] advancing to step: ConfigureGit
2024-01-07T18:25:13.270Z - info: [ui] [Welcome] no sign in step found. ignoring...
2024-01-07T18:25:13.357Z - info: [ui] [Welcome] no sign in step found. ignoring...
2024-01-07T18:25:17.300Z - info: [ui] [Welcome] no sign in step found. ignoring...
2024-01-07T18:25:17.310Z - info: [ui] [Welcome] no sign in step found. ignoring...
2024-01-07T18:25:17.536Z - info: [ui] Subscribed 'Quinn6182' to Alive channel
2024-01-07T18:25:17.812Z - info: [ui] [Welcome] no sign in step found. ignoring...
2024-01-07T18:25:19.065Z - info: [ui] [Welcome] no sign in step found. ignoring...
2024-01-07T18:25:48.384Z - info: [ui] [AppStore.getAccountForRemoteURL] account found for remote: https://github.com/Quinn6182/dots.git - Quinn6182 (has token)
2024-01-07T18:25:49.000Z - info: [ui] [AppStore] adding repository at /home/quinn/Documents/dots to store
2024-01-07T18:25:49.363Z - info: [ui] [BranchPruner] No branches to prune.
2024-01-07T18:28:02.548Z - info: [ui] [AppStore.withAuthenticatingUser] account found for repository: dots - Quinn6182 (has token)
2024-01-07T18:28:03.286Z - info: [ui] [RepositoryIndicatorUpdater]: Refreshing sidebar indicators for 1 repositories took 1.0s of which 0.0s paused, total 1.0s
2024-01-07T18:29:03.989Z - info: [ui] [Timing] Action 'create commit' for 'Quinn6182/dots' took 0.316s
2024-01-07T18:29:08.275Z - info: [ui] [AppStore.withAuthenticatingUser] account found for repository: dots - Quinn6182 (has token)
2024-01-07T18:29:13.240Z - info: [ui] Executing push: git -c credential.helper= push origin main:main --progress (took 4.958s)
2024-01-07T18:49:55.473Z - info: [ui] [AppStore] loading 1 repositories from store
2024-01-07T18:49:55.476Z - info: [ui] [AppStore] found account: Quinn6182 (Quinn6182)
2024-01-07T18:49:55.498Z - info: [ui] [BranchPruner] Last prune took place 24 minutes ago - skipping
2024-01-07T18:49:55.631Z - info: [ui] launching: 3.3.6-linux3 (Linux 6.6.9-artix1-1)
2024-01-07T18:49:55.632Z - info: [ui] execPath: '/opt/github-desktop/github-desktop'
2024-01-07T18:49:55.853Z - info: [ui] Stats reported.
2024-01-07T18:49:55.891Z - info: [ui] Subscribed 'Quinn6182' to Alive channel
