2024-01-07 09:48:35.245 [info] (Client) Pylance async client (2023.12.1) started with python extension (2023.22.1)
2024-01-07 09:48:35.560 [info] [Info  - 9:48:35 AM] (63037) Pylance language server 2023.12.1 (pyright a78e2b10) starting
2024-01-07 09:48:35.560 [info] [Info  - 9:48:35 AM] (63037) Server root directory: /home/quinn/.vscode/extensions/ms-python.vscode-pylance-2023.12.1/dist
2024-01-07 09:48:35.561 [info] [Info  - 9:48:35 AM] (63037) Starting service instance "tts"
2024-01-07 09:48:35.583 [info] [Info  - 9:48:35 AM] (63037) Setting pythonPath for service "tts": "/bin/python"
2024-01-07 09:48:35.583 [info] [Info  - 9:48:35 AM] (63037) Setting environmentName for service "tts": "3.12.1 (global)"
2024-01-07 09:48:35.601 [info] [Info  - 9:48:35 AM] (63037) Assuming Python version 3.12
2024-01-07 09:48:35.630 [info] [Info  - 9:48:35 AM] (63037) Found 1 source file
2024-01-07 09:48:37.967 [info] [Info  - 9:48:37 AM] (63037) Setting pythonPath for service "tts": "/home/quinn/Desktop/programming/tts/.venv/bin/python"
2024-01-07 09:48:37.967 [info] [Info  - 9:48:37 AM] (63037) Setting environmentName for service "tts": "3.12.1 (.venv venv)"
2024-01-07 09:48:37.984 [info] [Info  - 9:48:37 AM] (63037) Assuming Python version 3.12
2024-01-07 09:48:38.016 [info] [Info  - 9:48:38 AM] (63037) Found 1 source file
2024-01-07 09:51:57.288 [info] [Info  - 9:51:57 AM] (63037) No source files found.
2024-01-07 09:56:28.989 [info] [Info  - 9:56:28 AM] (63037) Found 1 source file
2024-01-07 09:57:10.074 [info] [Error - 9:57:10 AM] Server process exited with code 0.
2024-01-07 09:57:10.577 [info] (Client) Pylance async client (2023.12.1) started with python extension (2023.22.1)
2024-01-07 09:57:10.960 [info] [Info  - 9:57:10 AM] (65226) Pylance language server 2023.12.1 (pyright a78e2b10) starting
2024-01-07 09:57:10.960 [info] [Info  - 9:57:10 AM] (65226) Server root directory: /home/quinn/.vscode/extensions/ms-python.vscode-pylance-2023.12.1/dist
2024-01-07 09:57:10.964 [info] [Info  - 9:57:10 AM] (65226) Starting service instance "tts"
2024-01-07 09:57:10.987 [info] [Info  - 9:57:10 AM] (65226) Setting pythonPath for service "tts": "/home/quinn/Desktop/programming/tts/.venv/bin/python"
2024-01-07 09:57:10.987 [info] [Info  - 9:57:10 AM] (65226) Setting environmentName for service "tts": "3.12.1 (.venv venv)"
2024-01-07 09:57:11.009 [info] [Info  - 9:57:11 AM] (65226) Found 1 source file
2024-01-07 09:57:26.931 [info] [Info  - 9:57:26 AM] (65226) Setting pythonPath for service "tts": "/bin/python"
2024-01-07 09:57:26.931 [info] [Info  - 9:57:26 AM] (65226) Setting environmentName for service "tts": "3.12.1 (global)"
2024-01-07 09:57:26.955 [info] [Info  - 9:57:26 AM] (65226) Assuming Python version 3.12
2024-01-07 09:57:26.985 [info] [Info  - 9:57:26 AM] (65226) Found 1 source file
