2024-01-05 10:22:55.103 [info] Started initializing default profile extensions in extensions installation folder. file:///home/quinn/.vscode/extensions
2024-01-05 10:22:55.223 [warning] Failed to create default profile extensions manifest in extensions installation folder. file:///home/quinn/.vscode/extensions Unable to create file 'vscode-userdata:/home/quinn/.vscode/extensions/extensions.json' that already exists when overwrite flag is not set
2024-01-05 10:22:55.223 [info] Completed initializing default profile extensions in extensions installation folder. file:///home/quinn/.vscode/extensions
2024-01-05 10:23:14.605 [info] Getting Manifest... ms-python.python
2024-01-05 10:23:14.622 [info] Installing extension: ms-python.python
2024-01-05 10:23:14.886 [info] Getting Manifest... ms-python.vscode-pylance
2024-01-05 10:23:14.949 [info] Installing extension: ms-python.vscode-pylance ms-python.python
2024-01-05 10:23:15.514 [warning] Extension signature verification failed with error 'UnknownError': ms-python.python
2024-01-05 10:23:16.808 [info] Extracted extension to file:///home/quinn/.vscode/extensions/ms-python.python-2023.22.1: ms-python.python
2024-01-05 10:23:16.811 [info] Renamed to /home/quinn/.vscode/extensions/ms-python.python-2023.22.1
2024-01-05 10:23:16.814 [info] Extracting extension completed. ms-python.python
2024-01-05 10:23:16.898 [error] [uncaught exception in sharedProcess]: Error: ENOENT: no such file or directory, stat '/home/quinn/.vscode/extensions/extensions.json.vsctmp': EntryNotFound (FileSystemError): Error: ENOENT: no such file or directory, stat '/home/quinn/.vscode/extensions/extensions.json.vsctmp'
    at r.create (/opt/visual-studio-code/resources/app/out/vs/code/node/sharedProcess/sharedProcessMain.js:51:30056)
    at a (/opt/visual-studio-code/resources/app/out/vs/code/node/sharedProcess/sharedProcessMain.js:51:30170)
    at s.fb (/opt/visual-studio-code/resources/app/out/vs/code/node/sharedProcess/sharedProcessMain.js:56:36175)
    at s.stat (/opt/visual-studio-code/resources/app/out/vs/code/node/sharedProcess/sharedProcessMain.js:56:28621)
    at async E.stat (/opt/visual-studio-code/resources/app/out/vs/code/node/sharedProcess/sharedProcessMain.js:56:15732)
    at async Y.tb (/opt/visual-studio-code/resources/app/out/vs/code/node/sharedProcess/sharedProcessMain.js:100:111319)
2024-01-05 10:23:17.244 [warning] Extension signature verification failed with error 'UnknownError': ms-python.vscode-pylance
2024-01-05 10:23:18.944 [info] Extracted extension to file:///home/quinn/.vscode/extensions/ms-python.vscode-pylance-2023.12.1: ms-python.vscode-pylance
2024-01-05 10:23:18.950 [info] Renamed to /home/quinn/.vscode/extensions/ms-python.vscode-pylance-2023.12.1
2024-01-05 10:23:18.952 [info] Extracting extension completed. ms-python.vscode-pylance
2024-01-05 10:23:18.958 [info] Extension installed successfully: ms-python.python
2024-01-05 10:23:18.958 [info] Extension installed successfully: ms-python.vscode-pylance
2024-01-05 10:23:19.033 [error] [uncaught exception in sharedProcess]: Error: ENOENT: no such file or directory, stat '/home/quinn/.vscode/extensions/extensions.json.vsctmp': EntryNotFound (FileSystemError): Error: ENOENT: no such file or directory, stat '/home/quinn/.vscode/extensions/extensions.json.vsctmp'
    at r.create (/opt/visual-studio-code/resources/app/out/vs/code/node/sharedProcess/sharedProcessMain.js:51:30056)
    at a (/opt/visual-studio-code/resources/app/out/vs/code/node/sharedProcess/sharedProcessMain.js:51:30170)
    at s.fb (/opt/visual-studio-code/resources/app/out/vs/code/node/sharedProcess/sharedProcessMain.js:56:36175)
    at s.stat (/opt/visual-studio-code/resources/app/out/vs/code/node/sharedProcess/sharedProcessMain.js:56:28621)
    at async E.stat (/opt/visual-studio-code/resources/app/out/vs/code/node/sharedProcess/sharedProcessMain.js:56:15732)
    at async Y.tb (/opt/visual-studio-code/resources/app/out/vs/code/node/sharedProcess/sharedProcessMain.js:100:111319)
2024-01-06 11:09:37.774 [info] Getting Manifest... rust-lang.rust-analyzer
2024-01-06 11:09:37.795 [info] Installing extension: rust-lang.rust-analyzer
2024-01-06 11:09:38.432 [warning] Extension signature verification failed with error 'UnknownError': rust-lang.rust-analyzer
2024-01-06 11:09:38.659 [info] Extracted extension to file:///home/quinn/.vscode/extensions/rust-lang.rust-analyzer-0.3.1791-linux-x64: rust-lang.rust-analyzer
2024-01-06 11:09:38.662 [info] Renamed to /home/quinn/.vscode/extensions/rust-lang.rust-analyzer-0.3.1791-linux-x64
2024-01-06 11:09:38.663 [info] Extracting extension completed. rust-lang.rust-analyzer
2024-01-06 11:09:38.669 [info] Extension installed successfully: rust-lang.rust-analyzer
2024-01-06 11:09:38.745 [error] [uncaught exception in sharedProcess]: Error: ENOENT: no such file or directory, stat '/home/quinn/.vscode/extensions/extensions.json.vsctmp': EntryNotFound (FileSystemError): Error: ENOENT: no such file or directory, stat '/home/quinn/.vscode/extensions/extensions.json.vsctmp'
    at r.create (/opt/visual-studio-code/resources/app/out/vs/code/node/sharedProcess/sharedProcessMain.js:51:30056)
    at a (/opt/visual-studio-code/resources/app/out/vs/code/node/sharedProcess/sharedProcessMain.js:51:30170)
    at s.fb (/opt/visual-studio-code/resources/app/out/vs/code/node/sharedProcess/sharedProcessMain.js:56:36175)
    at s.stat (/opt/visual-studio-code/resources/app/out/vs/code/node/sharedProcess/sharedProcessMain.js:56:28621)
    at async E.stat (/opt/visual-studio-code/resources/app/out/vs/code/node/sharedProcess/sharedProcessMain.js:56:15732)
    at async Y.tb (/opt/visual-studio-code/resources/app/out/vs/code/node/sharedProcess/sharedProcessMain.js:100:111319)
