2024-01-05 10:22:54.837 [info] Added views:workbench.panel.markers.view in workbench.panel.markers
2024-01-05 10:22:54.837 [info] Added views:workbench.panel.output in workbench.panel.output
2024-01-05 10:22:54.837 [info] Added views:terminal in terminal
2024-01-05 10:22:54.837 [info] Added views:outline in workbench.view.explorer
2024-01-05 10:22:54.837 [info] Added views:workbench.scm in workbench.view.scm
2024-01-05 10:22:54.837 [info] Added views:workbench.view.search in workbench.view.search
2024-01-05 10:22:54.837 [info] Added views:timeline in workbench.view.explorer
2024-01-05 10:22:54.837 [info] Added views:workbench.explorer.emptyView in workbench.view.explorer
2024-01-05 10:22:55.055 [info] Added views:workbench.debug.variablesView,workbench.debug.watchExpressionsView,workbench.debug.callStackView,workbench.debug.breakPointsView in workbench.view.debug
2024-01-05 10:22:55.215 [info] Added views:workbench.panel.repl.view in workbench.panel.repl
2024-01-05 10:22:55.215 [info] Removed views:workbench.debug.breakPointsView,workbench.debug.callStackView,workbench.debug.watchExpressionsView,workbench.debug.variablesView from workbench.view.debug
2024-01-05 10:22:55.216 [info] Added views:workbench.debug.welcome in workbench.view.debug
2024-01-05 10:22:55.259 [info] Added views:~remote.forwardedPorts in ~remote.forwardedPortsContainer
2024-01-05 10:23:03.745 [info] Added views:workbench.panel.markers.view in workbench.panel.markers
2024-01-05 10:23:03.745 [info] Added views:workbench.panel.output in workbench.panel.output
2024-01-05 10:23:03.746 [info] Added views:terminal in terminal
2024-01-05 10:23:03.746 [info] Added views:outline in workbench.view.explorer
2024-01-05 10:23:03.746 [info] Added views:workbench.scm in workbench.view.scm
2024-01-05 10:23:03.746 [info] Added views:workbench.view.search in workbench.view.search
2024-01-05 10:23:03.746 [info] Added views:timeline in workbench.view.explorer
2024-01-05 10:23:03.746 [info] Added views:workbench.explorer.fileView in workbench.view.explorer
2024-01-05 10:23:03.786 [info] Added views:workbench.debug.variablesView,workbench.debug.watchExpressionsView,workbench.debug.callStackView,workbench.debug.breakPointsView in workbench.view.debug
2024-01-05 10:23:03.898 [info] Added views:~remote.forwardedPorts in ~remote.forwardedPortsContainer
2024-01-05 10:23:04.102 [info] Added views:workbench.panel.repl.view in workbench.panel.repl
2024-01-05 10:23:04.103 [info] Removed views:workbench.debug.breakPointsView,workbench.debug.callStackView,workbench.debug.watchExpressionsView,workbench.debug.variablesView from workbench.view.debug
2024-01-05 10:23:04.103 [info] Added views:workbench.debug.welcome in workbench.view.debug
2024-01-05 10:23:14.184 [info] Added views:workbench.views.extensions.installed,workbench.views.extensions.popular,extensions.recommendedList in workbench.view.extensions
2024-01-05 10:23:14.189 [info] Removed views:workbench.views.extensions.popular from workbench.view.extensions
2024-01-05 10:23:14.383 [info] Added views:workbench.views.extensions.popular in workbench.view.extensions
2024-01-05 10:23:14.781 [info] Removed views:extensions.recommendedList,workbench.views.extensions.popular,workbench.views.extensions.installed from workbench.view.extensions
2024-01-05 10:23:14.799 [info] Added views:workbench.views.extensions.marketplace in workbench.view.extensions
2024-01-05 10:23:19.401 [info] Added views:workbench.view.testing in workbench.view.extension.test
2024-01-06 11:09:38.885 [info] Added views:rustDependencies in workbench.view.explorer
2024-01-06 11:22:35.717 [info] Removed views:workbench.view.testing from workbench.view.extension.test
