2024-01-06 20:51:29.129 [info] Log level: Info
2024-01-06 20:51:29.129 [info] Validating found git in: "git"
2024-01-06 20:51:29.129 [info] Using git "2.43.0" from "git"
2024-01-06 20:51:29.129 [info] > git rev-parse --show-toplevel [1ms]
2024-01-06 20:51:29.129 [info] fatal: not a git repository (or any of the parent directories): .git
2024-01-06 20:51:29.129 [info] > git rev-parse --show-toplevel [1ms]
2024-01-06 20:51:29.129 [info] fatal: not a git repository (or any of the parent directories): .git
2024-01-06 20:51:29.414 [info] > git rev-parse --show-toplevel [1ms]
2024-01-06 20:51:29.414 [info] fatal: not a git repository (or any of the parent directories): .git
2024-01-06 20:51:29.514 [info] > git rev-parse --show-toplevel [1ms]
2024-01-06 20:51:29.514 [info] fatal: not a git repository (or any of the parent directories): .git
2024-01-06 20:51:29.544 [info] > git rev-parse --show-toplevel [1ms]
2024-01-06 20:51:29.544 [info] fatal: not a git repository (or any of the parent directories): .git
2024-01-06 20:51:29.692 [info] > git rev-parse --show-toplevel [1ms]
2024-01-06 20:51:29.692 [info] fatal: not a git repository (or any of the parent directories): .git
2024-01-06 20:51:30.427 [info] > git rev-parse --show-toplevel [1ms]
2024-01-06 20:51:30.427 [info] fatal: not a git repository (or any of the parent directories): .git
2024-01-06 20:51:34.826 [info] > git rev-parse --show-toplevel [0ms]
2024-01-06 20:51:34.826 [info] fatal: not a git repository (or any of the parent directories): .git
2024-01-06 21:12:48.821 [info] > git rev-parse --show-toplevel [1ms]
2024-01-06 21:12:48.821 [info] fatal: not a git repository (or any of the parent directories): .git
