2024-01-07 10:41:56.521 [info] Extension host with pid 70873 started
2024-01-07 10:41:56.521 [info] Skipping acquiring lock for /home/quinn/.config/Code/User/workspaceStorage/447c257afda9b16e30e90380fd9c99b5.
2024-01-07 10:41:56.549 [info] ExtensionService#_doActivateExtension vscode.emmet, startup: false, activationEvent: 'onLanguage'
2024-01-07 10:41:56.553 [info] ExtensionService#_doActivateExtension ms-python.python, startup: false, activationEvent: 'onLanguage:python'
2024-01-07 10:41:56.700 [info] ExtensionService#_doActivateExtension ms-python.vscode-pylance, startup: false, activationEvent: 'onLanguage:python'
2024-01-07 10:41:56.909 [info] ExtensionService#_doActivateExtension vscode.git-base, startup: true, activationEvent: '*', root cause: vscode.git
2024-01-07 10:41:56.926 [info] ExtensionService#_doActivateExtension vscode.git, startup: true, activationEvent: '*'
2024-01-07 10:41:56.944 [info] ExtensionService#_doActivateExtension vscode.github, startup: true, activationEvent: '*'
2024-01-07 10:41:56.983 [info] Eager extensions activated
2024-01-07 10:41:57.012 [info] ExtensionService#_doActivateExtension vscode.debug-auto-launch, startup: false, activationEvent: 'onStartupFinished'
2024-01-07 10:41:57.015 [info] ExtensionService#_doActivateExtension vscode.merge-conflict, startup: false, activationEvent: 'onStartupFinished'
2024-01-07 10:41:57.126 [warning] [Decorations] CAPPING events from decorations provider vscode.git 799
2024-01-07 10:41:57.237 [warning] [Decorations] CAPPING events from decorations provider vscode.git 799
2024-01-07 10:42:03.751 [info] ExtensionService#_doActivateExtension vscode.npm, startup: false, activationEvent: 'onTerminalQuickFixRequest:ms-vscode.npm-command'
2024-01-07 10:42:04.975 [warning] [Decorations] CAPPING events from decorations provider vscode.git 799
2024-01-07 10:42:10.014 [warning] [Decorations] CAPPING events from decorations provider vscode.git 799
2024-01-07 10:42:17.584 [warning] [Decorations] CAPPING events from decorations provider vscode.git 799
2024-01-07 10:42:17.621 [warning] [Decorations] CAPPING events from decorations provider vscode.git 799
2024-01-07 10:42:32.291 [warning] [Decorations] CAPPING events from decorations provider vscode.git 799
2024-01-07 10:45:38.274 [warning] [Decorations] CAPPING events from decorations provider vscode.git 799
2024-01-07 10:46:20.858 [warning] [Decorations] CAPPING events from decorations provider vscode.git 799
2024-01-07 10:50:49.547 [warning] [Decorations] CAPPING events from decorations provider vscode.git 799
2024-01-07 10:51:04.073 [warning] [Decorations] CAPPING events from decorations provider vscode.git 799
2024-01-07 10:51:22.528 [warning] [Decorations] CAPPING events from decorations provider vscode.git 799
2024-01-07 10:53:52.078 [warning] [Decorations] CAPPING events from decorations provider vscode.git 799
2024-01-07 10:55:43.622 [warning] [Decorations] CAPPING events from decorations provider vscode.git 799
