2024-01-06 20:51:35.108 [info] Experiment 'pythonRecommendTensorboardExt' is active
2024-01-06 20:51:35.108 [info] Experiment 'pythonREPLSmartSend' is active
2024-01-06 20:51:35.108 [info] Experiment 'pythonTestAdapter' is active
2024-01-06 20:51:35.108 [info] Default formatter is set to null for workspace /home/quinn/programming/idk
2024-01-06 20:51:35.108 [info] Test server listening.
2024-01-06 20:51:35.114 [warning] Retry failed, storage update failed for key PYTHON_GLOBAL_STORAGE_KEYS
2024-01-06 20:51:35.114 [warning] Retry failed, storage update failed for key PYTHON_WORKSPACE_STORAGE_KEYS
2024-01-06 20:51:35.114 [warning] Retry failed, storage update failed for key PYTHON_WORKSPACE_STORAGE_KEYS
2024-01-06 20:51:35.114 [warning] Retry failed, storage update failed for key PYTHON_WORKSPACE_STORAGE_KEYS
2024-01-06 20:51:35.124 [info] > ./.venv/bin/python -I ~/.vscode/extensions/ms-python.python-2023.22.1/pythonFiles/get_output_via_markers.py ~/.vscode/extensions/ms-python.python-2023.22.1/pythonFiles/interpreterInfo.py
2024-01-06 20:51:35.152 [info] Python interpreter path: ./.venv/bin/python
2024-01-06 20:51:36.116 [info] Starting Pylance language server.
2024-01-06 20:54:36.676 [info] Discover tests for workspace name: idk - uri: /home/quinn/programming/idk/main.py
2024-01-06 20:56:35.463 [info] Discover tests for workspace name: idk - uri: /home/quinn/programming/idk/main.py
2024-01-06 20:58:14.559 [info] Discover tests for workspace name: idk - uri: /home/quinn/programming/idk/.venv/lib/python3.11/site-packages/numpy/f2py/setup.cfg
2024-01-06 20:58:17.640 [info] Discover tests for workspace name: idk - uri: /home/quinn/programming/idk/main.py
2024-01-06 20:58:46.771 [info] Discover tests for workspace name: idk - uri: /home/quinn/programming/idk/main.py
2024-01-06 21:00:03.698 [info] Discover tests for workspace name: idk - uri: /home/quinn/programming/idk/main.py
2024-01-06 21:00:06.232 [info] Discover tests for workspace name: idk - uri: /home/quinn/programming/idk/main.py
2024-01-06 21:00:09.073 [info] Discover tests for workspace name: idk - uri: /home/quinn/programming/idk/main.py
2024-01-06 21:01:58.702 [info] Discover tests for workspace name: idk - uri: /home/quinn/programming/idk/main.py
2024-01-06 21:04:10.952 [info] Discover tests for workspace name: idk - uri: /home/quinn/programming/idk/main.py
2024-01-06 21:05:34.880 [info] Discover tests for workspace name: idk - uri: /home/quinn/programming/idk/main.py
2024-01-06 21:07:39.589 [info] Discover tests for workspace name: idk - uri: /home/quinn/programming/idk/main.py
2024-01-06 21:09:03.102 [info] Discover tests for workspace name: idk - uri: /home/quinn/programming/idk/main.py
2024-01-06 21:09:17.248 [info] Send text to terminal: source /home/quinn/programming/idk/.venv/bin/activate
2024-01-06 21:09:51.988 [info] Discover tests for workspace name: idk - uri: /home/quinn/programming/idk/main.py
2024-01-06 21:10:43.784 [info] Discover tests for workspace name: idk - uri: /home/quinn/programming/idk/main.py
2024-01-06 21:11:39.765 [info] Discover tests for workspace name: idk - uri: /home/quinn/programming/idk/main.py
2024-01-06 21:12:58.925 [info] Send text to terminal: source /home/quinn/programming/idk/.venv/bin/activate
2024-01-06 21:13:19.852 [info] Discover tests for workspace name: idk - uri: /home/quinn/programming/idk/main.py
2024-01-06 21:14:04.011 [info] Discover tests for workspace name: idk - uri: /home/quinn/programming/idk/main.py
2024-01-06 21:17:45.929 [info] Discover tests for workspace name: idk - uri: /home/quinn/programming/idk/.venv/lib/python3.11/site-packages/pandas/pyproject.toml
2024-01-06 21:19:12.704 [info] Discover tests for workspace name: idk - uri: /home/quinn/programming/idk/main.py
2024-01-06 21:24:35.129 [info] Discover tests for workspace name: idk - uri: /home/quinn/programming/idk/main.py
2024-01-06 21:26:43.087 [info] Discover tests for workspace name: idk - uri: /home/quinn/programming/idk/main.py
2024-01-06 21:27:02.036 [info] Discover tests for workspace name: idk - uri: /home/quinn/programming/idk/main.py
2024-01-06 21:27:43.953 [info] Discover tests for workspace name: idk - uri: /home/quinn/programming/idk/main.py
2024-01-06 21:28:24.824 [info] Discover tests for workspace name: idk - uri: /home/quinn/programming/idk/main.py
2024-01-06 21:29:24.167 [info] Discover tests for workspace name: idk - uri: /home/quinn/programming/idk/main.py
2024-01-06 21:30:14.143 [info] Discover tests for workspace name: idk - uri: /home/quinn/programming/idk/main.py
