2024-01-07 09:47:58.260 [info] Added views:workbench.panel.markers.view in workbench.panel.markers
2024-01-07 09:47:58.260 [info] Added views:workbench.panel.output in workbench.panel.output
2024-01-07 09:47:58.260 [info] Added views:terminal in terminal
2024-01-07 09:47:58.260 [info] Added views:outline in workbench.view.explorer
2024-01-07 09:47:58.260 [info] Added views:workbench.scm in workbench.view.scm
2024-01-07 09:47:58.260 [info] Added views:workbench.view.search in workbench.view.search
2024-01-07 09:47:58.261 [info] Added views:timeline in workbench.view.explorer
2024-01-07 09:47:58.261 [info] Added views:workbench.explorer.emptyView in workbench.view.explorer
2024-01-07 09:47:58.479 [info] Added views:workbench.debug.variablesView,workbench.debug.watchExpressionsView,workbench.debug.callStackView,workbench.debug.breakPointsView in workbench.view.debug
2024-01-07 09:47:58.664 [info] Added views:~remote.forwardedPorts in ~remote.forwardedPortsContainer
2024-01-07 09:47:58.701 [info] Added views:workbench.panel.repl.view in workbench.panel.repl
2024-01-07 09:47:58.702 [info] Removed views:workbench.debug.breakPointsView,workbench.debug.callStackView,workbench.debug.watchExpressionsView,workbench.debug.variablesView from workbench.view.debug
2024-01-07 09:47:58.702 [info] Added views:workbench.debug.welcome in workbench.view.debug
2024-01-07 09:48:17.484 [info] Added views:workbench.panel.markers.view in workbench.panel.markers
2024-01-07 09:48:17.484 [info] Added views:workbench.panel.output in workbench.panel.output
2024-01-07 09:48:17.484 [info] Added views:terminal in terminal
2024-01-07 09:48:17.484 [info] Added views:outline in workbench.view.explorer
2024-01-07 09:48:17.484 [info] Added views:workbench.scm in workbench.view.scm
2024-01-07 09:48:17.484 [info] Added views:workbench.view.search in workbench.view.search
2024-01-07 09:48:17.485 [info] Added views:timeline in workbench.view.explorer
2024-01-07 09:48:17.485 [info] Added views:workbench.explorer.fileView in workbench.view.explorer
2024-01-07 09:48:17.642 [info] Added views:workbench.debug.variablesView,workbench.debug.watchExpressionsView,workbench.debug.callStackView,workbench.debug.breakPointsView in workbench.view.debug
2024-01-07 09:48:17.718 [info] Added views:workbench.panel.repl.view in workbench.panel.repl
2024-01-07 09:48:17.719 [info] Removed views:workbench.debug.breakPointsView,workbench.debug.callStackView,workbench.debug.watchExpressionsView,workbench.debug.variablesView from workbench.view.debug
2024-01-07 09:48:17.719 [info] Added views:workbench.debug.welcome in workbench.view.debug
2024-01-07 09:48:17.733 [info] Added views:~remote.forwardedPorts in ~remote.forwardedPortsContainer
2024-01-07 09:48:26.909 [info] Added views:workbench.views.extensions.installed,workbench.views.extensions.popular,extensions.recommendedList in workbench.view.extensions
2024-01-07 09:48:26.909 [info] Removed views:workbench.views.extensions.popular from workbench.view.extensions
2024-01-07 09:48:27.043 [info] Added views:workbench.views.extensions.popular in workbench.view.extensions
2024-01-07 09:48:27.450 [info] Removed views:extensions.recommendedList,workbench.views.extensions.popular,workbench.views.extensions.installed from workbench.view.extensions
2024-01-07 09:48:27.454 [info] Added views:workbench.views.extensions.marketplace in workbench.view.extensions
2024-01-07 09:48:34.295 [info] Added views:workbench.view.testing in workbench.view.extension.test
2024-01-07 09:56:56.734 [info] Removed views:workbench.views.extensions.marketplace from workbench.view.extensions
2024-01-07 09:56:56.741 [info] Added views:workbench.views.extensions.installed,workbench.views.extensions.popular,extensions.recommendedList in workbench.view.extensions
2024-01-07 09:56:58.181 [info] Removed views:extensions.recommendedList,workbench.views.extensions.popular,workbench.views.extensions.installed from workbench.view.extensions
2024-01-07 09:56:58.186 [info] Added views:workbench.views.extensions.marketplace in workbench.view.extensions
2024-01-07 09:58:09.077 [info] Removed views:workbench.views.extensions.marketplace from workbench.view.extensions
2024-01-07 09:58:09.085 [info] Added views:workbench.views.extensions.installed,workbench.views.extensions.popular,extensions.recommendedList in workbench.view.extensions
