2024-01-05 10:23:20.449 [info] (Client) Pylance async client (2023.12.1) started with python extension (2023.22.1)
2024-01-05 10:23:20.888 [info] [Info  - 10:23:20 AM] (20965) Pylance language server 2023.12.1 (pyright a78e2b10) starting
2024-01-05 10:23:20.888 [info] [Info  - 10:23:20 AM] (20965) Server root directory: /home/quinn/.vscode/extensions/ms-python.vscode-pylance-2023.12.1/dist
2024-01-05 10:23:20.889 [info] [Info  - 10:23:20 AM] (20965) Starting service instance "bots"
2024-01-05 10:23:20.921 [info] [Info  - 10:23:20 AM] (20965) Setting pythonPath for service "bots": "/bin/python"
2024-01-05 10:23:20.921 [info] [Info  - 10:23:20 AM] (20965) Setting environmentName for service "bots": "3.11.6 (global)"
2024-01-05 10:23:20.941 [info] [Info  - 10:23:20 AM] (20965) Assuming Python version 3.11
2024-01-05 10:23:20.974 [info] [Info  - 10:23:20 AM] (20965) Found 1 source file
2024-01-05 10:23:50.668 [info] [Info  - 10:23:50 AM] (20965) Setting pythonPath for service "bots": "/bin/python"
2024-01-05 10:23:50.669 [info] [Info  - 10:23:50 AM] (20965) Setting environmentName for service "bots": "3.11.6 (global)"
2024-01-05 10:23:50.687 [info] [Info  - 10:23:50 AM] (20965) Assuming Python version 3.11
2024-01-05 10:23:50.715 [info] [Info  - 10:23:50 AM] (20965) Found 1 source file
2024-01-05 10:23:54.913 [info] [Info  - 10:23:54 AM] (20965) Setting pythonPath for service "bots": "/bin/python"
2024-01-05 10:23:54.913 [info] [Info  - 10:23:54 AM] (20965) Setting environmentName for service "bots": "3.11.6 (global)"
2024-01-05 10:23:54.932 [info] [Info  - 10:23:54 AM] (20965) Assuming Python version 3.11
2024-01-05 10:23:54.959 [info] [Info  - 10:23:54 AM] (20965) Found 1 source file
2024-01-05 10:24:00.575 [info] [Info  - 10:24:00 AM] (20965) Setting pythonPath for service "bots": "/bin/python"
2024-01-05 10:24:00.576 [info] [Info  - 10:24:00 AM] (20965) Setting environmentName for service "bots": "3.11.6 (global)"
2024-01-05 10:24:00.594 [info] [Info  - 10:24:00 AM] (20965) Assuming Python version 3.11
2024-01-05 10:24:00.620 [info] [Info  - 10:24:00 AM] (20965) Found 1 source file
2024-01-05 10:24:48.185 [info] [Info  - 10:24:48 AM] (20965) Setting pythonPath for service "bots": "/bin/python"
2024-01-05 10:24:48.186 [info] [Info  - 10:24:48 AM] (20965) Setting environmentName for service "bots": "3.11.6 (global)"
2024-01-05 10:24:48.204 [info] [Info  - 10:24:48 AM] (20965) Assuming Python version 3.11
2024-01-05 10:24:48.233 [info] [Info  - 10:24:48 AM] (20965) Found 1 source file
2024-01-05 10:25:40.194 [info] [Info  - 10:25:40 AM] (20965) Setting pythonPath for service "bots": "/bin/python"
2024-01-05 10:25:40.194 [info] [Info  - 10:25:40 AM] (20965) Setting environmentName for service "bots": "3.11.6 (global)"
2024-01-05 10:25:40.212 [info] [Info  - 10:25:40 AM] (20965) Assuming Python version 3.11
2024-01-05 10:25:40.239 [info] [Info  - 10:25:40 AM] (20965) Found 1 source file
2024-01-05 10:26:12.183 [info] [Info  - 10:26:12 AM] (20965) Setting pythonPath for service "bots": "/bin/python"
2024-01-05 10:26:12.183 [info] [Info  - 10:26:12 AM] (20965) Setting environmentName for service "bots": "3.11.6 (global)"
2024-01-05 10:26:12.202 [info] [Info  - 10:26:12 AM] (20965) Assuming Python version 3.11
2024-01-05 10:26:12.229 [info] [Info  - 10:26:12 AM] (20965) Found 1 source file
2024-01-05 10:26:14.069 [info] [Info  - 10:26:14 AM] (20965) Setting pythonPath for service "bots": "/bin/python"
2024-01-05 10:26:14.069 [info] [Info  - 10:26:14 AM] (20965) Setting environmentName for service "bots": "3.11.6 (global)"
2024-01-05 10:26:14.088 [info] [Info  - 10:26:14 AM] (20965) Assuming Python version 3.11
2024-01-05 10:26:14.115 [info] [Info  - 10:26:14 AM] (20965) Found 1 source file
2024-01-05 10:26:27.072 [info] [Info  - 10:26:27 AM] (20965) Setting pythonPath for service "bots": "/bin/python"
2024-01-05 10:26:27.073 [info] [Info  - 10:26:27 AM] (20965) Setting environmentName for service "bots": "3.11.6 (global)"
2024-01-05 10:26:27.091 [info] [Info  - 10:26:27 AM] (20965) Assuming Python version 3.11
2024-01-05 10:26:27.118 [info] [Info  - 10:26:27 AM] (20965) Found 1 source file
2024-01-05 10:26:32.416 [info] [Info  - 10:26:32 AM] (20965) Setting pythonPath for service "bots": "/bin/python"
2024-01-05 10:26:32.416 [info] [Info  - 10:26:32 AM] (20965) Setting environmentName for service "bots": "3.11.6 (global)"
2024-01-05 10:26:32.436 [info] [Info  - 10:26:32 AM] (20965) Assuming Python version 3.11
2024-01-05 10:26:32.463 [info] [Info  - 10:26:32 AM] (20965) Found 1 source file
2024-01-05 10:26:36.538 [info] [Info  - 10:26:36 AM] (20965) Setting pythonPath for service "bots": "/bin/python"
2024-01-05 10:26:36.539 [info] [Info  - 10:26:36 AM] (20965) Setting environmentName for service "bots": "3.11.6 (global)"
2024-01-05 10:26:36.565 [info] [Info  - 10:26:36 AM] (20965) Assuming Python version 3.11
2024-01-05 10:26:36.594 [info] [Info  - 10:26:36 AM] (20965) Found 1 source file
2024-01-05 10:27:29.215 [info] [Info  - 10:27:29 AM] (20965) Setting pythonPath for service "bots": "/home/quinn/programming/minecraft/bots/.venv/bin/python"
2024-01-05 10:27:29.215 [info] [Info  - 10:27:29 AM] (20965) Setting environmentName for service "bots": "3.11.6 (.venv venv)"
2024-01-05 10:27:29.247 [info] [Info  - 10:27:29 AM] (20965) Assuming Python version 3.11
2024-01-05 10:27:29.286 [info] [Info  - 10:27:29 AM] (20965) Found 1 source file
2024-01-05 10:50:26.025 [info] [Info  - 10:50:26 AM] (20965) Found 2 source files
2024-01-05 12:13:40.776 [info] [Info  - 12:13:40 PM] (20965) No source files found.
2024-01-05 12:44:21.360 [info] [Info  - 12:44:21 PM] (20965) Found 1 source file
2024-01-05 12:49:23.164 [info] [Info  - 12:49:23 PM] (20965) No source files found.
2024-01-05 12:49:40.427 [info] [Info  - 12:49:40 PM] (20965) No source files found.
2024-01-05 12:49:43.314 [info] [Info  - 12:49:43 PM] (20965) Found 1 source file
2024-01-06 11:01:40.999 [info] [Info  - 11:01:40 AM] (20965) No source files found.
2024-01-06 11:09:38.777 [info] [Error - 11:09:38 AM] Server process exited with code 0.
2024-01-06 11:09:39.297 [info] (Client) Pylance async client (2023.12.1) started with python extension (2023.22.1)
2024-01-06 11:09:39.705 [info] [Info  - 11:09:39 AM] (8760) Pylance language server 2023.12.1 (pyright a78e2b10) starting
2024-01-06 11:09:39.705 [info] [Info  - 11:09:39 AM] (8760) Server root directory: /home/quinn/.vscode/extensions/ms-python.vscode-pylance-2023.12.1/dist
2024-01-06 11:09:39.710 [info] [Info  - 11:09:39 AM] (8760) Starting service instance "bots"
2024-01-06 11:09:39.732 [info] [Info  - 11:09:39 AM] (8760) Setting pythonPath for service "bots": "/home/quinn/programming/minecraft/bots/.venv/bin/python"
2024-01-06 11:09:39.732 [info] [Info  - 11:09:39 AM] (8760) Setting environmentName for service "bots": "3.11.6 (.venv venv)"
2024-01-06 11:09:39.755 [info] [Info  - 11:09:39 AM] (8760) No source files found.
