2024-01-06 14:47:16.042 [info] Extension host with pid 25357 started
2024-01-06 14:47:16.042 [info] Skipping acquiring lock for /home/quinn/.config/Code/User/workspaceStorage/a14f09bacedb35740c2d607c73885e2b.
2024-01-06 14:47:16.179 [info] ExtensionService#_doActivateExtension vscode.git-base, startup: true, activationEvent: '*', root cause: vscode.git
2024-01-06 14:47:16.535 [info] ExtensionService#_doActivateExtension vscode.git, startup: true, activationEvent: '*'
2024-01-06 14:47:16.548 [info] ExtensionService#_doActivateExtension vscode.github, startup: true, activationEvent: '*'
2024-01-06 14:47:16.702 [info] Eager extensions activated
2024-01-06 14:47:16.725 [info] ExtensionService#_doActivateExtension vscode.debug-auto-launch, startup: false, activationEvent: 'onStartupFinished'
2024-01-06 14:47:16.727 [info] ExtensionService#_doActivateExtension vscode.merge-conflict, startup: false, activationEvent: 'onStartupFinished'
2024-01-06 14:47:23.707 [info] Extension host terminating: renderer closed the MessagePort
2024-01-06 14:47:23.713 [info] Extension host with pid 25357 exiting with code 0
2024-01-06 14:47:24.210 [info] Extension host with pid 25500 started
2024-01-06 14:47:24.210 [info] Skipping acquiring lock for /home/quinn/.config/Code/User/workspaceStorage/31705a6a385ae2024f825b46a11a1504.
2024-01-06 14:47:24.258 [info] ExtensionService#_doActivateExtension vscode.git-base, startup: true, activationEvent: '*'
2024-01-06 14:47:24.273 [info] ExtensionService#_doActivateExtension vscode.github, startup: true, activationEvent: '*'
2024-01-06 14:47:24.284 [info] Eager extensions activated
2024-01-06 14:47:24.338 [info] ExtensionService#_doActivateExtension vscode.debug-auto-launch, startup: false, activationEvent: 'onStartupFinished'
2024-01-06 14:47:24.339 [info] ExtensionService#_doActivateExtension vscode.merge-conflict, startup: false, activationEvent: 'onStartupFinished'
2024-01-06 14:48:16.675 [info] ExtensionService#_doActivateExtension vscode.git, startup: false, activationEvent: 'api', root cause: vscode.github
2024-01-06 14:50:40.112 [info] Extension host terminating: renderer closed the MessagePort
2024-01-06 14:50:40.119 [info] Extension host with pid 25500 exiting with code 0
