2024-01-07 09:47:58.456 [info] Started initializing default profile extensions in extensions installation folder. file:///home/quinn/.vscode/extensions
2024-01-07 09:47:58.509 [warning] Failed to create default profile extensions manifest in extensions installation folder. file:///home/quinn/.vscode/extensions Unable to create file 'vscode-userdata:/home/quinn/.vscode/extensions/extensions.json' that already exists when overwrite flag is not set
2024-01-07 09:47:58.509 [info] Completed initializing default profile extensions in extensions installation folder. file:///home/quinn/.vscode/extensions
2024-01-07 09:48:27.281 [info] Getting Manifest... ms-python.python
2024-01-07 09:48:27.287 [info] Installing extension: ms-python.python
2024-01-07 09:48:27.542 [info] Getting Manifest... ms-python.vscode-pylance
2024-01-07 09:48:27.590 [info] Installing extension: ms-python.vscode-pylance ms-python.python
2024-01-07 09:48:29.935 [info] Extension signature is verified: ms-python.python
2024-01-07 09:48:30.924 [info] Extracted extension to file:///home/quinn/.vscode/extensions/ms-python.python-2023.22.1: ms-python.python
2024-01-07 09:48:30.940 [info] Renamed to /home/quinn/.vscode/extensions/ms-python.python-2023.22.1
2024-01-07 09:48:30.943 [info] Extracting extension completed. ms-python.python
2024-01-07 09:48:31.025 [error] [uncaught exception in sharedProcess]: Error: ENOENT: no such file or directory, stat '/home/quinn/.vscode/extensions/extensions.json.vsctmp': EntryNotFound (FileSystemError): Error: ENOENT: no such file or directory, stat '/home/quinn/.vscode/extensions/extensions.json.vsctmp'
    at r.create (/usr/share/code/resources/app/out/vs/code/node/sharedProcess/sharedProcessMain.js:51:30056)
    at a (/usr/share/code/resources/app/out/vs/code/node/sharedProcess/sharedProcessMain.js:51:30170)
    at s.fb (/usr/share/code/resources/app/out/vs/code/node/sharedProcess/sharedProcessMain.js:56:36175)
    at s.stat (/usr/share/code/resources/app/out/vs/code/node/sharedProcess/sharedProcessMain.js:56:28621)
    at async E.stat (/usr/share/code/resources/app/out/vs/code/node/sharedProcess/sharedProcessMain.js:56:15732)
    at async Y.tb (/usr/share/code/resources/app/out/vs/code/node/sharedProcess/sharedProcessMain.js:100:111319)
2024-01-07 09:48:32.549 [info] Extension signature is verified: ms-python.vscode-pylance
2024-01-07 09:48:33.878 [info] Extracted extension to file:///home/quinn/.vscode/extensions/ms-python.vscode-pylance-2023.12.1: ms-python.vscode-pylance
2024-01-07 09:48:33.889 [info] Renamed to /home/quinn/.vscode/extensions/ms-python.vscode-pylance-2023.12.1
2024-01-07 09:48:33.892 [info] Extracting extension completed. ms-python.vscode-pylance
2024-01-07 09:48:33.901 [info] Extension installed successfully: ms-python.python
2024-01-07 09:48:33.901 [info] Extension installed successfully: ms-python.vscode-pylance
2024-01-07 09:48:33.972 [error] [uncaught exception in sharedProcess]: Error: ENOENT: no such file or directory, stat '/home/quinn/.vscode/extensions/extensions.json.vsctmp': EntryNotFound (FileSystemError): Error: ENOENT: no such file or directory, stat '/home/quinn/.vscode/extensions/extensions.json.vsctmp'
    at r.create (/usr/share/code/resources/app/out/vs/code/node/sharedProcess/sharedProcessMain.js:51:30056)
    at a (/usr/share/code/resources/app/out/vs/code/node/sharedProcess/sharedProcessMain.js:51:30170)
    at s.fb (/usr/share/code/resources/app/out/vs/code/node/sharedProcess/sharedProcessMain.js:56:36175)
    at s.stat (/usr/share/code/resources/app/out/vs/code/node/sharedProcess/sharedProcessMain.js:56:28621)
    at async E.stat (/usr/share/code/resources/app/out/vs/code/node/sharedProcess/sharedProcessMain.js:56:15732)
    at async Y.tb (/usr/share/code/resources/app/out/vs/code/node/sharedProcess/sharedProcessMain.js:100:111319)
2024-01-07 09:57:08.897 [info] Getting Manifest... sukumo28.wav-preview
2024-01-07 09:57:08.900 [info] Installing extension: sukumo28.wav-preview
2024-01-07 09:57:09.958 [info] Extension signature is verified: sukumo28.wav-preview
2024-01-07 09:57:09.997 [info] Extracted extension to file:///home/quinn/.vscode/extensions/sukumo28.wav-preview-2.0.5: sukumo28.wav-preview
2024-01-07 09:57:10.009 [info] Renamed to /home/quinn/.vscode/extensions/sukumo28.wav-preview-2.0.5
2024-01-07 09:57:10.009 [info] Extracting extension completed. sukumo28.wav-preview
2024-01-07 09:57:10.015 [info] Extension installed successfully: sukumo28.wav-preview
2024-01-07 09:57:10.088 [error] [uncaught exception in sharedProcess]: Error: ENOENT: no such file or directory, stat '/home/quinn/.vscode/extensions/extensions.json.vsctmp': EntryNotFound (FileSystemError): Error: ENOENT: no such file or directory, stat '/home/quinn/.vscode/extensions/extensions.json.vsctmp'
    at r.create (/usr/share/code/resources/app/out/vs/code/node/sharedProcess/sharedProcessMain.js:51:30056)
    at a (/usr/share/code/resources/app/out/vs/code/node/sharedProcess/sharedProcessMain.js:51:30170)
    at s.fb (/usr/share/code/resources/app/out/vs/code/node/sharedProcess/sharedProcessMain.js:56:36175)
    at s.stat (/usr/share/code/resources/app/out/vs/code/node/sharedProcess/sharedProcessMain.js:56:28621)
    at async E.stat (/usr/share/code/resources/app/out/vs/code/node/sharedProcess/sharedProcessMain.js:56:15732)
    at async Y.tb (/usr/share/code/resources/app/out/vs/code/node/sharedProcess/sharedProcessMain.js:100:111319)
