00:00:00.000109 main     VirtualBox XPCOM Server 7.0.12 r159484 linux.amd64 (Oct 17 2023 15:53:22) release log
00:00:00.000110 main     Log opened 2024-01-05T16:59:57.820355000Z
00:00:00.000111 main     Build Type: release
00:00:00.000112 main     OS Product: Linux
00:00:00.000112 main     OS Release: 6.6.7-artix1-1
00:00:00.000113 main     OS Version: #1 SMP PREEMPT_DYNAMIC Thu, 14 Dec 2023 10:09:41 +0000
00:00:00.000126 main     DMI Product Name: Z390 M GAMING
00:00:00.000131 main     DMI Product Version: Default string
00:00:00.000134 main     Firmware type: UEFI
00:00:00.000662 main     Secure Boot: Disabled
00:00:00.000683 main     Host RAM: 48110MB (46.9GB) total, 33106MB (32.3GB) available
00:00:00.000685 main     Executable: /usr/lib/virtualbox/VBoxSVC
00:00:00.000685 main     Process ID: 29235
00:00:00.000686 main     Package type: LINUX_64BITS_GENERIC (OSE)
00:00:00.001464 main     IPC socket path: /tmp/.vbox-quinn-ipc/ipcd
00:00:00.105150 nspr-2   VirtualBox: object creation starts
00:00:00.105204 nspr-2   Home directory: '/home/quinn/.config/VirtualBox'
00:00:00.105280 nspr-2   Loading settings file "/home/quinn/.config/VirtualBox/VirtualBox.xml" with version "1.12-linux"
00:00:00.120416 nspr-2   HostDnsMonitor: initializing
00:00:00.120552 nspr-2   NAT: resolv.conf: nameserver 1.1.1.1
00:00:00.120560 nspr-2   NAT: resolv.conf: nameserver 1.0.0.1
00:00:00.120567 nspr-2   HostDnsMonitor: updating information
00:00:00.120573 nspr-2   HostDnsMonitor: old information
00:00:00.120574 nspr-2     no server entries
00:00:00.120575 nspr-2     no domain set
00:00:00.120576 nspr-2     no search string entries
00:00:00.120577 nspr-2   HostDnsMonitor: new information
00:00:00.120578 nspr-2     server 1: 1.1.1.1
00:00:00.120579 nspr-2     server 2: 1.0.0.1
00:00:00.120580 nspr-2     domain: hayden.local
00:00:00.120581 nspr-2     no search string entries
00:00:00.121560 nspr-2   Failed to open "/dev/vboxdrvu", errno=2, rc=VERR_VM_DRIVER_NOT_INSTALLED
00:00:00.121644 nspr-2   VD: VDInit finished with VINF_SUCCESS
00:00:00.121686 nspr-2   ERROR [COM]: aRC=NS_ERROR_FAILURE (0x80004005) aIID={aac6c7cb-a371-4c58-ab51-0616896b2f2c} aComponent={SystemPropertiesWrap} aText={Cannot determine default Guest Additions ISO location. Most likely they are not available}, preserve=false aResultDetail=0
00:00:00.122086 nspr-2   Loading settings file "/home/quinn/VirtualBox VMs/Garuda/Garuda.vbox" with version "1.19-linux"
00:00:00.122582 nspr-2   VirtualBox: object created
00:00:00.514334 nspr-4   WARNING [COM]: aRC=NS_ERROR_FAILURE (0x80004005) aIID={e54f6256-97a7-4947-8a78-10c013ddf4b8} aComponent={HostWrap} aText={Could not load the Host USB Proxy service: VERR_NOT_FOUND}, preserve=true aResultDetail=0
00:00:00.515007 nspr-4   WARNING [COM]: aRC=NS_ERROR_FAILURE (0x80004005) aIID={e54f6256-97a7-4947-8a78-10c013ddf4b8} aComponent={HostWrap} aText={Could not load the Host USB Proxy service: VERR_NOT_FOUND}, preserve=false aResultDetail=0
00:00:00.651034 nspr-3   ERROR [COM]: aRC=VBOX_E_INVALID_VM_STATE (0x80bb0002) aIID={300763af-5d6b-46e6-aa96-273eac15538a} aComponent={MachineWrap} aText={The machine is not mutable (state is PoweredOff)}, preserve=false aResultDetail=0
00:00:00.652019 nspr-3   Failed to open "/dev/vboxdrvu", errno=2, rc=VERR_VM_DRIVER_NOT_INSTALLED
00:00:00.843046 nspr-3   WARNING [COM]: aRC=NS_ERROR_FAILURE (0x80004005) aIID={e54f6256-97a7-4947-8a78-10c013ddf4b8} aComponent={HostWrap} aText={Could not load the Host USB Proxy service: VERR_NOT_FOUND}, preserve=true aResultDetail=0
00:00:00.843659 nspr-3   WARNING [COM]: aRC=NS_ERROR_FAILURE (0x80004005) aIID={e54f6256-97a7-4947-8a78-10c013ddf4b8} aComponent={HostWrap} aText={Could not load the Host USB Proxy service: VERR_NOT_FOUND}, preserve=true aResultDetail=0
00:00:03.702059 nspr-4   Launched VM: 2415927824 pid: 29309 (0x727d) frontend: GUI/Qt name: Garuda
00:00:03.713668 nspr-5   ERROR [COM]: aRC=VBOX_E_INVALID_VM_STATE (0x80bb0002) aIID={300763af-5d6b-46e6-aa96-273eac15538a} aComponent={MachineWrap} aText={The machine is not mutable (state is PoweredOff)}, preserve=false aResultDetail=0
00:00:03.714181 nspr-5   Failed to open "/dev/vboxdrvu", errno=2, rc=VERR_VM_DRIVER_NOT_INSTALLED
00:00:03.725773 nspr-5   WARNING [COM]: aRC=NS_ERROR_FAILURE (0x80004005) aIID={e54f6256-97a7-4947-8a78-10c013ddf4b8} aComponent={HostWrap} aText={Could not load the Host USB Proxy service: VERR_NOT_FOUND}, preserve=true aResultDetail=0
00:00:03.726473 nspr-5   WARNING [COM]: aRC=NS_ERROR_FAILURE (0x80004005) aIID={e54f6256-97a7-4947-8a78-10c013ddf4b8} aComponent={HostWrap} aText={Could not load the Host USB Proxy service: VERR_NOT_FOUND}, preserve=true aResultDetail=0
00:00:04.202256 Watcher  ERROR [COM]: aRC=NS_ERROR_FAILURE (0x80004005) aIID={300763af-5d6b-46e6-aa96-273eac15538a} aComponent={MachineWrap} aText={The virtual machine 'Garuda' has terminated unexpectedly during startup with exit code 1 (0x1)}, preserve=false aResultDetail=0
00:00:04.216232 nspr-3   ERROR [COM]: aRC=VBOX_E_INVALID_VM_STATE (0x80bb0002) aIID={300763af-5d6b-46e6-aa96-273eac15538a} aComponent={MachineWrap} aText={The machine is not mutable (state is PoweredOff)}, preserve=false aResultDetail=0
00:00:04.216696 nspr-4   Failed to open "/dev/vboxdrvu", errno=2, rc=VERR_VM_DRIVER_NOT_INSTALLED
00:00:04.226624 nspr-4   WARNING [COM]: aRC=NS_ERROR_FAILURE (0x80004005) aIID={e54f6256-97a7-4947-8a78-10c013ddf4b8} aComponent={HostWrap} aText={Could not load the Host USB Proxy service: VERR_NOT_FOUND}, preserve=true aResultDetail=0
00:00:04.227030 nspr-4   WARNING [COM]: aRC=NS_ERROR_FAILURE (0x80004005) aIID={e54f6256-97a7-4947-8a78-10c013ddf4b8} aComponent={HostWrap} aText={Could not load the Host USB Proxy service: VERR_NOT_FOUND}, preserve=true aResultDetail=0
00:00:27.675441 main     VirtualBox: object deletion starts
00:00:27.675470 main     ERROR [COM]: aRC=VBOX_E_OBJECT_IN_USE (0x80bb000c) aIID={ad47ad09-787b-44ab-b343-a082a3f2dfb1} aComponent={MediumWrap} aText={Medium '/home/quinn/VirtualBox VMs/Garuda/Garuda.vdi' cannot be closed because it is still attached to 1 virtual machines}, preserve=false aResultDetail=0
00:00:27.675708 main     HostDnsMonitor: shutting down ...
00:00:27.675880 main     HostDnsMonitor: shut down
00:00:27.686524 Watcher  ERROR [COM]: aRC=E_ACCESSDENIED (0x80070005) aIID={7682d5eb-f00e-44f1-8ca2-99d08b1cd607} aComponent={VirtualBoxWrap} aText={The object is not ready}, preserve=false aResultDetail=0
00:00:27.686570 main     VirtualBox: object deleted
